  RayTracer_driver.cpp
C:\Users\Coord\Downloads\userGitRepository\UIC\petProjects\RayTracer_copy\vec3.h(117,1): warning C4244:  '*=': conversion from 'double' to 'float', possible loss of data
C:\Users\Coord\Downloads\userGitRepository\UIC\petProjects\RayTracer_copy\vec3.h(118,1): warning C4244:  '*=': conversion from 'double' to 'float', possible loss of data
C:\Users\Coord\Downloads\userGitRepository\UIC\petProjects\RayTracer_copy\vec3.h(119,1): warning C4244:  '*=': conversion from 'double' to 'float', possible loss of data
C:\Users\Coord\Downloads\userGitRepository\UIC\petProjects\RayTracer_copy\camera.h(18,16): warning C4244:  'argument': conversion from 'double' to 'float', possible loss of data
C:\Users\Coord\Downloads\userGitRepository\UIC\petProjects\RayTracer_copy\camera.h(17,26): warning C4244:  'argument': conversion from 'double' to 'float', possible loss of data
C:\Users\Coord\Downloads\userGitRepository\UIC\petProjects\RayTracer_copy\camera.h(51,16): warning C4244:  'initializing': conversion from 'double' to 'float', possible loss of data
C:\Users\Coord\Downloads\userGitRepository\UIC\petProjects\RayTracer_copy\material.h(23,12): warning C4244:  'argument': conversion from 'double' to 'float', possible loss of data
C:\Users\Coord\Downloads\userGitRepository\UIC\petProjects\RayTracer_copy\material.h(22,12): warning C4244:  'argument': conversion from 'double' to 'float', possible loss of data
C:\Users\Coord\Downloads\userGitRepository\UIC\petProjects\RayTracer_copy\material.h(21,26): warning C4244:  'argument': conversion from 'double' to 'float', possible loss of data
C:\Users\Coord\Downloads\userGitRepository\UIC\petProjects\RayTracer_copy\material.h(51,21): warning C4244:  'initializing': conversion from 'double' to 'float', possible loss of data
C:\Users\Coord\Downloads\userGitRepository\UIC\petProjects\RayTracer_copy\material.h(184,18): warning C4244:  '=': conversion from 'double' to 'float', possible loss of data
C:\Users\Coord\Downloads\userGitRepository\UIC\petProjects\RayTracer_copy\material.h(190,23): warning C4244:  '=': conversion from 'double' to 'float', possible loss of data
C:\Users\Coord\Downloads\userGitRepository\UIC\petProjects\RayTracer_copy\hitablelist.h(46,29): warning C4244:  'argument': conversion from 'double' to 'float', possible loss of data
C:\Users\Coord\Downloads\userGitRepository\UIC\petProjects\RayTracer_copy\RayTracer_driver.cpp(49,5): warning C4305:  'argument': truncation from 'double' to 'float'
C:\Users\Coord\Downloads\userGitRepository\UIC\petProjects\RayTracer_copy\RayTracer_driver.cpp(69,11): warning C4244:  'initializing': conversion from 'double' to 'float', possible loss of data
C:\Users\Coord\Downloads\userGitRepository\UIC\petProjects\RayTracer_copy\RayTracer_driver.cpp(72,15): warning C4244:  'argument': conversion from 'double' to 'const float', possible loss of data
C:\Users\Coord\Downloads\userGitRepository\UIC\petProjects\RayTracer_copy\RayTracer_driver.cpp(72,78): warning C4305:  'argument': truncation from 'double' to 'float'
C:\Users\Coord\Downloads\userGitRepository\UIC\petProjects\RayTracer_copy\RayTracer_driver.cpp(83,21): warning C4244:  'initializing': conversion from 'double' to 'float', possible loss of data
C:\Users\Coord\Downloads\userGitRepository\UIC\petProjects\RayTracer_copy\RayTracer_driver.cpp(84,47): warning C4244:  'argument': conversion from 'double' to 'float', possible loss of data
C:\Users\Coord\Downloads\userGitRepository\UIC\petProjects\RayTracer_copy\RayTracer_driver.cpp(84,68): warning C4305:  'argument': truncation from 'double' to 'float'
C:\Users\Coord\Downloads\userGitRepository\UIC\petProjects\RayTracer_copy\RayTracer_driver.cpp(84,18): warning C4244:  'argument': conversion from 'double' to 'float', possible loss of data
C:\Users\Coord\Downloads\userGitRepository\UIC\petProjects\RayTracer_copy\RayTracer_driver.cpp(85,7): warning C4305:  'argument': truncation from 'double' to 'float'
C:\Users\Coord\Downloads\userGitRepository\UIC\petProjects\RayTracer_copy\RayTracer_driver.cpp(87,133): warning C4244:  'argument': conversion from 'double' to 'float', possible loss of data
C:\Users\Coord\Downloads\userGitRepository\UIC\petProjects\RayTracer_copy\RayTracer_driver.cpp(87,104): warning C4244:  'argument': conversion from 'double' to 'float', possible loss of data
C:\Users\Coord\Downloads\userGitRepository\UIC\petProjects\RayTracer_copy\RayTracer_driver.cpp(87,75): warning C4244:  'argument': conversion from 'double' to 'float', possible loss of data
C:\Users\Coord\Downloads\userGitRepository\UIC\petProjects\RayTracer_copy\RayTracer_driver.cpp(87,150): warning C4305:  'argument': truncation from 'double' to 'float'
C:\Users\Coord\Downloads\userGitRepository\UIC\petProjects\RayTracer_copy\RayTracer_driver.cpp(91,78): warning C4244:  'argument': conversion from 'double' to 'float', possible loss of data
C:\Users\Coord\Downloads\userGitRepository\UIC\petProjects\RayTracer_copy\RayTracer_driver.cpp(91,52): warning C4244:  'argument': conversion from 'double' to 'float', possible loss of data
C:\Users\Coord\Downloads\userGitRepository\UIC\petProjects\RayTracer_copy\RayTracer_driver.cpp(91,26): warning C4244:  'argument': conversion from 'double' to 'float', possible loss of data
C:\Users\Coord\Downloads\userGitRepository\UIC\petProjects\RayTracer_copy\RayTracer_driver.cpp(91,105): warning C4244:  'argument': conversion from 'double' to 'float', possible loss of data
C:\Users\Coord\Downloads\userGitRepository\UIC\petProjects\RayTracer_copy\RayTracer_driver.cpp(91,121): warning C4305:  'argument': truncation from 'double' to 'float'
C:\Users\Coord\Downloads\userGitRepository\UIC\petProjects\RayTracer_copy\RayTracer_driver.cpp(94,62): warning C4305:  'argument': truncation from 'double' to 'float'
C:\Users\Coord\Downloads\userGitRepository\UIC\petProjects\RayTracer_copy\RayTracer_driver.cpp(101,79): warning C4305:  'argument': truncation from 'double' to 'float'
C:\Users\Coord\Downloads\userGitRepository\UIC\petProjects\RayTracer_copy\RayTracer_driver.cpp(102,73): warning C4305:  'argument': truncation from 'double' to 'float'
C:\Users\Coord\Downloads\userGitRepository\UIC\petProjects\RayTracer_copy\RayTracer_driver.cpp(126,10): warning C4244:  'initializing': conversion from 'double' to 'float', possible loss of data
C:\Users\Coord\Downloads\userGitRepository\UIC\petProjects\RayTracer_copy\RayTracer_driver.cpp(131,41): warning C4305:  'argument': truncation from 'double' to 'float'
C:\Users\Coord\Downloads\userGitRepository\UIC\petProjects\RayTracer_copy\RayTracer_driver.cpp(134,41): warning C4305:  'argument': truncation from 'double' to 'float'
C:\Users\Coord\Downloads\userGitRepository\UIC\petProjects\RayTracer_copy\RayTracer_driver.cpp(137,36): warning C4305:  'argument': truncation from 'double' to 'float'
C:\Users\Coord\Downloads\userGitRepository\UIC\petProjects\RayTracer_copy\RayTracer_driver.cpp(143,28): warning C4305:  'argument': truncation from 'double' to 'float'
C:\Users\Coord\Downloads\userGitRepository\UIC\petProjects\RayTracer_copy\RayTracer_driver.cpp(163,22): warning C4305:  'initializing': truncation from 'double' to 'float'
  RayTracer.vcxproj -> C:\Users\Coord\Downloads\userGitRepository\UIC\petProjects\RayTracer_copy\x64\Debug\RayTracer.exe
