  RayTracer_driver.cpp
C:\Users\Coord\Downloads\userGitRepository\UIC\petProjects\RayTracer\vec3.h(117,1): warning C4244:  '*=': conversion from 'double' to 'float', possible loss of data
C:\Users\Coord\Downloads\userGitRepository\UIC\petProjects\RayTracer\vec3.h(118,1): warning C4244:  '*=': conversion from 'double' to 'float', possible loss of data
C:\Users\Coord\Downloads\userGitRepository\UIC\petProjects\RayTracer\vec3.h(119,1): warning C4244:  '*=': conversion from 'double' to 'float', possible loss of data
C:\Users\Coord\Downloads\userGitRepository\UIC\petProjects\RayTracer\camera.h(18,16): warning C4244:  'argument': conversion from 'double' to 'float', possible loss of data
C:\Users\Coord\Downloads\userGitRepository\UIC\petProjects\RayTracer\camera.h(17,26): warning C4244:  'argument': conversion from 'double' to 'float', possible loss of data
C:\Users\Coord\Downloads\userGitRepository\UIC\petProjects\RayTracer\camera.h(51,16): warning C4244:  'initializing': conversion from 'double' to 'float', possible loss of data
C:\Users\Coord\Downloads\userGitRepository\UIC\petProjects\RayTracer\material.h(23,12): warning C4244:  'argument': conversion from 'double' to 'float', possible loss of data
C:\Users\Coord\Downloads\userGitRepository\UIC\petProjects\RayTracer\material.h(22,12): warning C4244:  'argument': conversion from 'double' to 'float', possible loss of data
C:\Users\Coord\Downloads\userGitRepository\UIC\petProjects\RayTracer\material.h(21,26): warning C4244:  'argument': conversion from 'double' to 'float', possible loss of data
C:\Users\Coord\Downloads\userGitRepository\UIC\petProjects\RayTracer\material.h(51,21): warning C4244:  'initializing': conversion from 'double' to 'float', possible loss of data
C:\Users\Coord\Downloads\userGitRepository\UIC\petProjects\RayTracer\material.h(184,18): warning C4244:  '=': conversion from 'double' to 'float', possible loss of data
C:\Users\Coord\Downloads\userGitRepository\UIC\petProjects\RayTracer\material.h(190,23): warning C4244:  '=': conversion from 'double' to 'float', possible loss of data
C:\Users\Coord\Downloads\userGitRepository\UIC\petProjects\RayTracer\hitablelist.h(46,29): warning C4244:  'argument': conversion from 'double' to 'float', possible loss of data
C:\Users\Coord\Downloads\userGitRepository\UIC\petProjects\RayTracer\RayTracer_driver.cpp(48,5): warning C4305:  'argument': truncation from 'double' to 'float'
C:\Users\Coord\Downloads\userGitRepository\UIC\petProjects\RayTracer\RayTracer_driver.cpp(68,11): warning C4244:  'initializing': conversion from 'double' to 'float', possible loss of data
C:\Users\Coord\Downloads\userGitRepository\UIC\petProjects\RayTracer\RayTracer_driver.cpp(71,15): warning C4244:  'argument': conversion from 'double' to 'const float', possible loss of data
C:\Users\Coord\Downloads\userGitRepository\UIC\petProjects\RayTracer\RayTracer_driver.cpp(71,78): warning C4305:  'argument': truncation from 'double' to 'float'
C:\Users\Coord\Downloads\userGitRepository\UIC\petProjects\RayTracer\RayTracer_driver.cpp(96,10): warning C4244:  'initializing': conversion from 'double' to 'float', possible loss of data
C:\Users\Coord\Downloads\userGitRepository\UIC\petProjects\RayTracer\RayTracer_driver.cpp(101,41): warning C4305:  'argument': truncation from 'double' to 'float'
C:\Users\Coord\Downloads\userGitRepository\UIC\petProjects\RayTracer\RayTracer_driver.cpp(104,41): warning C4305:  'argument': truncation from 'double' to 'float'
C:\Users\Coord\Downloads\userGitRepository\UIC\petProjects\RayTracer\RayTracer_driver.cpp(107,36): warning C4305:  'argument': truncation from 'double' to 'float'
C:\Users\Coord\Downloads\userGitRepository\UIC\petProjects\RayTracer\RayTracer_driver.cpp(113,28): warning C4305:  'argument': truncation from 'double' to 'float'
C:\Users\Coord\Downloads\userGitRepository\UIC\petProjects\RayTracer\RayTracer_driver.cpp(120,21): warning C4305:  'initializing': truncation from 'double' to 'float'
  RayTracer.vcxproj -> C:\Users\Coord\Downloads\userGitRepository\UIC\petProjects\RayTracer\Debug\RayTracer.exe
